::1 - GET / HTTP/1.1 200 59 - 9.590 ms
::1 - GET / HTTP/1.1 200 61 - 22.379 ms
::1 - GET /favicon.ico HTTP/1.1 404 87 - 1.699 ms
::1 - GET / HTTP/1.1 200 75 - 11.807 ms
::1 - GET /2 HTTP/1.1 404 87 - 1.523 ms
::1 - GET /2 HTTP/1.1 404 163 - 6.015 ms
::1 - GET /2 HTTP/1.1 404 166 - 12.946 ms
::1 - GET /2 HTTP/1.1 404 194 - 9.272 ms
::1 - GET / HTTP/1.1 304 - - 3.757 ms
::1 - GET / HTTP/1.1 304 - - 9.243 ms
::1 - GET /favicon.ico HTTP/1.1 404 194 - 2.487 ms
::1 - GET / HTTP/1.1 304 - - 1.952 ms
GET / 304 Request Name: undefined 9.486 ms
GET / 200 Request Name: undefined 14.908 ms
GET /favicon.ico 404 Request Name: undefined 1.561 ms
GET / 200 Request Name: undefined 8.657 ms
GET /s 404 Request Name: undefined 1.404 ms
GET /s 404 Request Name: undefined 8.359 ms
GET / 304 Request Name: undefined 1.392 ms
GET /juy 404 Request Name: undefined 1.085 ms
GET / 304 Request Name: undefined 1.156 ms
